<?xml version="1.0" encoding="UTF-8"?>
<!-- Generated by org.testng.reporters.JUnitReportReporter -->
<testsuite skipped="0" hostname="DESKTOP-INQUNRP" name="com.APITestingFramework.rough.TestPayPal" tests="3" failures="0" timestamp="27 Aug 2020 23:49:04 GMT" time="5.806" errors="0">
  <testcase name="getAuthKey" time="3.040" classname="com.APITestingFramework.rough.TestPayPal"/>
  <testcase name="createOrder" time="2.126" classname="com.APITestingFramework.rough.TestPayPal"/>
  <testcase name="getOrder" time="0.640" classname="com.APITestingFramework.rough.TestPayPal"/>
</testsuite> <!-- com.APITestingFramework.rough.TestPayPal -->
