<?xml version="1.0" encoding="UTF-8"?>
<!-- Generated by org.testng.reporters.JUnitReportReporter -->
<testsuite skipped="0" hostname="DESKTOP-INQUNRP" name="com.APITestingFramework.testcases.paypal.GetOrderTest" tests="1" failures="0" timestamp="28 Aug 2020 00:28:12 GMT" time="1.326" errors="0">
  <testcase name="getOrder" time="1.326" classname="com.APITestingFramework.testcases.paypal.GetOrderTest"/>
</testsuite> <!-- com.APITestingFramework.testcases.paypal.GetOrderTest -->
