<?xml version="1.0" encoding="UTF-8"?>
<!-- Generated by org.testng.reporters.JUnitReportReporter -->
<testsuite skipped="0" hostname="DESKTOP-INQUNRP" name="com.APITestingFramework.testcases.paypal.CreateOrderTest" tests="1" failures="0" timestamp="28 Aug 2020 00:28:13 GMT" time="4.909" errors="0">
  <testcase name="createOrder" time="4.909" classname="com.APITestingFramework.testcases.paypal.CreateOrderTest"/>
</testsuite> <!-- com.APITestingFramework.testcases.paypal.CreateOrderTest -->
